error Time: Mon May 01 2023 18:23:56 GMT+0530 (India Standard Time) URL: localhost:4005/user/add/walkin Error:candidate validation failed: email: Path `email` is required. User:undefined
error Time: Mon May 01 2023 18:25:00 GMT+0530 (India Standard Time) URL: localhost:4005/user/add/walkin Error:candidate validation failed: email: Path `email` is required. User:undefined
error Time: Mon May 01 2023 18:25:42 GMT+0530 (India Standard Time) URL: localhost:4005/user/add/walkin Error:candidate validation failed: email: Path `email` is required. User:undefined
error Time: Mon May 01 2023 18:28:35 GMT+0530 (India Standard Time) URL: localhost:4005/user/add/walkin Error:candidate validation failed: yearsOfExp: Path `yearsOfExp` is required. User:undefined
error Time: Mon May 01 2023 18:28:54 GMT+0530 (India Standard Time) URL: localhost:4005/user/add/walkin Error:candidate validation failed: yearsOfExp: Path `yearsOfExp` is required. User:undefined
error Time: Tue May 02 2023 11:48:21 GMT+0530 (India Standard Time) URL: localhost:4005/user/add/walkin Error:wdata is not defined User:undefined
error Time: Tue May 02 2023 11:49:07 GMT+0530 (India Standard Time) URL: localhost:4005/user/add/walkin Error:Cannot read properties of undefined (reading 'fullName') User:undefined
error Time: Tue May 02 2023 11:50:17 GMT+0530 (India Standard Time) URL: localhost:4005/user/add/walkin Error:Cannot read properties of undefined (reading 'fullName') User:undefined
error Time: Tue May 02 2023 11:52:48 GMT+0530 (India Standard Time) URL: localhost:4005/user/add/walkin Error:Cannot read properties of undefined (reading 'fullName') User:undefined
error Time: Tue May 02 2023 11:53:57 GMT+0530 (India Standard Time) URL: localhost:4005/user/add/walkin Error:Cannot set headers after they are sent to the client User:undefined
error Time: Tue May 02 2023 13:02:06 GMT+0530 (India Standard Time) URL: localhost:4005/user/add/walkin Error:free is not defined User:undefined
error Time: Tue May 02 2023 13:19:54 GMT+0530 (India Standard Time) URL: localhost:4005/user/add/walkin Error:addFeedback.create is not a function User:undefined
error Time: Tue May 02 2023 13:33:38 GMT+0530 (India Standard Time) URL: localhost:4005/user/add/walkin Error:addFeedback.create is not a function User:undefined
error Time: Tue May 02 2023 15:24:11 GMT+0530 (India Standard Time) URL: localhost:4005/user/add/walkin Error:candidate validation failed: overallStatus: `Rejected` is not a valid enum value for path `overallStatus`. User:undefined
error Time: Tue May 02 2023 15:25:25 GMT+0530 (India Standard Time) URL: localhost:4005/user/add/walkin Error:candidate validation failed: overallStatus: `DID NOT ATTENDED` is not a valid enum value for path `overallStatus`. User:undefined
error Time: Wed May 03 2023 13:56:23 GMT+0530 (India Standard Time) URL: localhost:4005/user/add/walkin Error:Candidate.insert is not a function User:undefined
error Time: Wed May 03 2023 13:58:32 GMT+0530 (India Standard Time) URL: localhost:4005/user/add/walkin Error:Candidate.insertOne is not a function User:undefined
error Time: Wed May 03 2023 14:07:21 GMT+0530 (India Standard Time) URL: localhost:4005/user/add/walkin Error:candidate validation failed: ugEducationDetail: Path `ugEducationDetail` is required., ugStream: Path `ugStream` is required., ugPassOutYear: Path `ugPassOutYear` is required., ugAggregate: Path `ugAggregate` is required. User:undefined
error Time: Wed May 03 2023 14:09:09 GMT+0530 (India Standard Time) URL: localhost:4005/user/add/walkin Error:feedback validation failed: createdBy: Path `createdBy` is required., detailedFeedback: Path `detailedFeedback` is required., roundType: `1st Round` is not a valid enum value for path `roundType`., status: `Select` is not a valid enum value for path `status`. User:undefined
error Time: Thu May 04 2023 11:34:34 GMT+0530 (India Standard Time) URL: localhost:4005/user/add/allCandidates Error:Cannot read properties of undefined (reading 'email') User:undefined
error Time: Thu May 04 2023 11:38:15 GMT+0530 (India Standard Time) URL: localhost:4005/user/add/allCandidates Error:Cannot read properties of undefined (reading 'email') User:undefined
error Time: Thu May 04 2023 11:38:19 GMT+0530 (India Standard Time) URL: localhost:4005/user/add/allCandidates Error:Cannot read properties of undefined (reading 'email') User:undefined
error Time: Thu May 04 2023 11:38:42 GMT+0530 (India Standard Time) URL: localhost:4005/user/add/allCandidates Error:Cannot read properties of undefined (reading 'email') User:undefined
error Time: Thu May 04 2023 11:41:23 GMT+0530 (India Standard Time) URL: localhost:4005/user/add/allCandidates Error:Cannot read properties of undefined (reading 'email') User:undefined
error Time: Thu May 04 2023 11:43:08 GMT+0530 (India Standard Time) URL: localhost:4005/user/add/allCandidates Error:Cannot read properties of undefined (reading 'email') User:undefined
error Time: Thu May 04 2023 11:43:22 GMT+0530 (India Standard Time) URL: localhost:4005/user/add/allCandidates Error:Cannot read properties of undefined (reading 'email') User:undefined
error Time: Thu May 04 2023 11:44:23 GMT+0530 (India Standard Time) URL: localhost:4005/user/add/allCandidates Error:createdBy is not defined User:undefined
error Time: Thu May 04 2023 11:50:19 GMT+0530 (India Standard Time) URL: localhost:4005/user/add/allCandidates Error:ele is not defined User:undefined
error Time: Thu May 04 2023 12:00:20 GMT+0530 (India Standard Time) URL: localhost:4005/user/add/allCandidates Error:Cannot read properties of undefined (reading 'email') User:undefined
error Time: Thu May 04 2023 12:01:48 GMT+0530 (India Standard Time) URL: localhost:4005/user/add/allCandidates Error:candidate validation failed: candidateId: Path `candidateId` is required. User:undefined
error Time: Thu May 04 2023 13:23:16 GMT+0530 (India Standard Time) URL: localhost:4005/user/add/allCandidates Error:(intermediate value).toArray is not a function User:undefined
error Time: Thu May 04 2023 13:24:29 GMT+0530 (India Standard Time) URL: localhost:4005/user/add/allCandidates Error:Candidate.find(...).toArray is not a function User:undefined
error Time: Mon May 29 2023 12:33:09 GMT+0530 (India Standard Time) URL: localhost:4005/user/add/walkin Error:Cannot read properties of undefined (reading 'toUpperCase') User:undefined
error Time: Mon May 29 2023 12:36:09 GMT+0530 (India Standard Time) URL: localhost:4005/user//add/allCandidates Error:Unexpected field User:undefined
error Time: Mon May 29 2023 12:36:17 GMT+0530 (India Standard Time) URL: localhost:4005/user//add/allCandidates Error:Unexpected field User:undefined
error Time: Mon May 29 2023 12:36:26 GMT+0530 (India Standard Time) URL: localhost:4005/user/add/allCandidates Error:Unexpected field User:undefined
error Time: Mon May 29 2023 12:37:23 GMT+0530 (India Standard Time) URL: localhost:4005/user/add/allCandidates Error:Unexpected field User:undefined
error Time: Mon May 29 2023 12:37:29 GMT+0530 (India Standard Time) URL: localhost:4005/user/add/allCandidates Error:Unexpected field User:undefined
error Time: Mon May 29 2023 12:37:35 GMT+0530 (India Standard Time) URL: localhost:4005/user/add/allCandidates Error:Unexpected field User:undefined
error Time: Mon May 29 2023 12:37:36 GMT+0530 (India Standard Time) URL: localhost:4005/user/add/allCandidates Error:Unexpected field User:undefined
error Time: Mon May 29 2023 12:37:45 GMT+0530 (India Standard Time) URL: localhost:4005/user/add/allCandidates Error:Unexpected field User:undefined
error Time: Thu Jun 15 2023 12:19:38 GMT+0530 (India Standard Time) URL: localhost:4005/user/add/walkin Error:feedback validation failed: createdBy: Path `createdBy` is required., detailedFeedback: Path `detailedFeedback` is required., roundType: `1st Round` is not a valid enum value for path `roundType`., status: `Select` is not a valid enum value for path `status`. User:undefined
error Time: Thu Jun 22 2023 16:39:57 GMT+0530 (India Standard Time) URL: localhost:4005/user/add/candidate Error:Cannot read properties of undefined (reading 'email') User:undefined
error Time: Thu Mar 20 2025 20:27:35 GMT+0530 (India Standard Time) URL: localhost:4005/enquiries/create/enquiry Error:Cannot access 'enquiry' before initialization User:undefined
error Time: Fri Mar 28 2025 16:02:23 GMT+0530 (India Standard Time) URL: localhost:4005/enquiries/create/enquiry Error:Cannot access 'message' before initialization User:undefined
error Time: Tue Apr 01 2025 19:43:59 GMT+0530 (India Standard Time) URL: localhost:4005/enquiries/create/batch Error:batch validation failed: date: Cast to date failed for value "20-20-2025" (type string) at path "date" User:undefined
error Time: Tue Apr 08 2025 17:45:40 GMT+0530 (India Standard Time) URL: localhost:4005/reviews/add/review Error:undefined User:undefined
error Time: Tue Apr 08 2025 17:46:59 GMT+0530 (India Standard Time) URL: localhost:4005/reviews/add/review Error:undefined User:undefined
error Time: Tue Apr 08 2025 17:50:42 GMT+0530 (India Standard Time) URL: localhost:4005/reviews/add/review Error:undefined User:undefined
error Time: Tue Apr 08 2025 17:52:42 GMT+0530 (India Standard Time) URL: localhost:4005/reviews/add/review Error:undefined User:undefined
error Time: Tue Apr 08 2025 17:58:48 GMT+0530 (India Standard Time) URL: localhost:4005/reviews/add/review Error:review validation failed: photo: Path `photo` is required. User:undefined
error Time: Tue Apr 08 2025 18:10:24 GMT+0530 (India Standard Time) URL: localhost:4005/reviews/add/review Error:review validation failed: photo: Path `photo` is required. User:undefined
error Time: Tue Apr 08 2025 18:18:20 GMT+0530 (India Standard Time) URL: localhost:4005/reviews/add/review Error:count is not defined User:undefined
error Time: Sat Apr 19 2025 11:39:58 GMT+0530 (India Standard Time) URL: localhost:4005/placements/add/placement Error:Unexpected field User:undefined
error Time: Sat Apr 19 2025 11:42:43 GMT+0530 (India Standard Time) URL: localhost:4005/placements/add/placement Error:Unexpected field User:undefined
error Time: Sat Apr 19 2025 11:43:05 GMT+0530 (India Standard Time) URL: localhost:4005/placements/add/placement Error:Unexpected field User:undefined
error Time: Sat Apr 19 2025 11:43:24 GMT+0530 (India Standard Time) URL: localhost:4005/placements/add/placement Error:Unexpected field User:undefined
error Time: Sat Apr 19 2025 11:55:15 GMT+0530 (India Standard Time) URL: localhost:4005/placements/add/placement Error:Unexpected field User:undefined
error Time: Sat Apr 19 2025 11:55:44 GMT+0530 (India Standard Time) URL: localhost:4005/placements/add/placement Error:Unexpected field User:undefined
error Time: Sat Apr 19 2025 11:56:41 GMT+0530 (India Standard Time) URL: localhost:4005/placements/add/placement Error:Unexpected field User:undefined
error Time: Sat Apr 19 2025 11:59:00 GMT+0530 (India Standard Time) URL: localhost:4005/placements/add/placement Error:Unexpected field User:undefined
error Time: Sat Apr 19 2025 12:00:04 GMT+0530 (India Standard Time) URL: localhost:4005/placements/add/placement Error:Unexpected field User:undefined
error Time: Sat Apr 19 2025 12:12:44 GMT+0530 (India Standard Time) URL: localhost:4005/placements/add/placement Error:Unexpected field User:undefined
error Time: Sat Apr 19 2025 12:16:13 GMT+0530 (India Standard Time) URL: localhost:4005/placements/add/placement Error:Unexpected field User:undefined
error Time: Sat Apr 19 2025 12:16:40 GMT+0530 (India Standard Time) URL: localhost:4005/placements/add/placement Error:Unexpected field User:undefined
error Time: Sat Apr 19 2025 12:17:03 GMT+0530 (India Standard Time) URL: localhost:4005/placements/add/placement Error:Unexpected field User:undefined
error Time: Sat Apr 19 2025 12:18:37 GMT+0530 (India Standard Time) URL: localhost:4005/placements/add/placement Error:files is not iterable User:undefined
error Time: Sat Apr 19 2025 12:35:16 GMT+0530 (India Standard Time) URL: localhost:4005/placements/add/placement Error:files is not iterable User:undefined
error Time: Sat Apr 19 2025 12:43:37 GMT+0530 (India Standard Time) URL: localhost:4005/placements/add/placement Error:req.files.values is not a function User:undefined
error Time: Sat Apr 19 2025 12:44:12 GMT+0530 (India Standard Time) URL: localhost:4005/placements/add/placement Error:files is not iterable User:undefined
error Time: Sat Apr 19 2025 12:44:43 GMT+0530 (India Standard Time) URL: localhost:4005/placements/add/placement Error:files is not iterable User:undefined
error Time: Sat Apr 19 2025 12:50:37 GMT+0530 (India Standard Time) URL: localhost:4005/placements/add/placement Error:company is not defined User:undefined
error Time: Sat Apr 19 2025 12:53:33 GMT+0530 (India Standard Time) URL: localhost:4005/placements/add/placement Error:company is not defined User:undefined
error Time: Sat Apr 19 2025 13:18:19 GMT+0530 (India Standard Time) URL: localhost:4005/placements/add/placement Error:Cannot read properties of undefined (reading 'originalname') User:undefined
error Time: Sat Apr 19 2025 13:18:59 GMT+0530 (India Standard Time) URL: localhost:4005/placements/add/placement Error:Cannot read properties of undefined (reading 'originalname') User:undefined
error Time: Sat Apr 19 2025 13:20:12 GMT+0530 (India Standard Time) URL: localhost:4005/placements/add/placement Error:files is not iterable User:undefined
error Time: Sat Apr 19 2025 13:21:52 GMT+0530 (India Standard Time) URL: localhost:4005/placements/add/placement Error:company is not defined User:undefined
error Time: Sun Apr 20 2025 23:41:20 GMT+0530 (India Standard Time) URL: localhost:4005/placements/add/placement Error:All Images are Mandatory User:undefined
error Time: Mon Apr 21 2025 00:28:48 GMT+0530 (India Standard Time) URL: localhost:4005/placements/add/placement Error:All Images are Mandatory User:undefined
error Time: Mon Apr 21 2025 14:09:35 GMT+0530 (India Standard Time) URL: localhost:4005/placements/add/placement Error:Cannot read properties of undefined (reading '0') User:undefined
error Time: Mon Apr 21 2025 14:10:14 GMT+0530 (India Standard Time) URL: localhost:4005/placements/add/placement Error:Cannot read properties of undefined (reading '0') User:undefined
error Time: Mon Apr 21 2025 14:10:58 GMT+0530 (India Standard Time) URL: localhost:4005/placements/add/placement Error:Cannot read properties of undefined (reading '0') User:undefined
error Time: Mon Apr 21 2025 14:14:12 GMT+0530 (India Standard Time) URL: localhost:4005/placements/add/placement Error:Cannot read properties of undefined (reading '0') User:undefined
error Time: Mon Apr 21 2025 14:15:01 GMT+0530 (India Standard Time) URL: localhost:4005/placements/add/placement Error:Cannot read properties of undefined (reading '0') User:undefined
error Time: Mon Apr 21 2025 14:16:34 GMT+0530 (India Standard Time) URL: localhost:4005/placements/add/placement Error:Cannot read properties of undefined (reading '0') User:undefined
error Time: Mon Apr 21 2025 14:16:48 GMT+0530 (India Standard Time) URL: localhost:4005/placements/add/placement Error:Cannot read properties of undefined (reading '0') User:undefined
error Time: Mon Apr 21 2025 14:19:17 GMT+0530 (India Standard Time) URL: localhost:4005/placements/add/placement Error:Cannot read properties of undefined (reading '0') User:undefined
error Time: Mon Apr 21 2025 14:21:09 GMT+0530 (India Standard Time) URL: localhost:4005/placements/add/placement Error:Cannot read properties of undefined (reading '0') User:undefined
error Time: Mon Apr 21 2025 14:21:32 GMT+0530 (India Standard Time) URL: localhost:4005/placements/add/placement Error:Cannot read properties of undefined (reading '0') User:undefined
error Time: Mon Apr 21 2025 14:21:38 GMT+0530 (India Standard Time) URL: localhost:4005/placements/add/placement Error:Cannot read properties of undefined (reading '0') User:undefined
error Time: Mon Apr 21 2025 14:22:19 GMT+0530 (India Standard Time) URL: localhost:4005/placements/add/placement Error:Cannot read properties of undefined (reading '0') User:undefined
error Time: Mon Apr 21 2025 14:30:24 GMT+0530 (India Standard Time) URL: localhost:4005/placements/add/placement Error:Cannot read properties of undefined (reading '0') User:undefined
error Time: Mon Apr 21 2025 14:34:47 GMT+0530 (India Standard Time) URL: localhost:4005/placements/add/placement Error:Cannot read properties of undefined (reading '0') User:undefined
error Time: Mon Apr 21 2025 14:35:13 GMT+0530 (India Standard Time) URL: localhost:4005/placements/add/placement Error:Cannot read properties of undefined (reading '0') User:undefined
error Time: Mon Apr 21 2025 19:29:00 GMT+0530 (India Standard Time) URL: localhost:4005/placements/add/placement Error:The "cb" argument must be of type function. Received undefined User:undefined
error Time: Mon Apr 21 2025 19:41:23 GMT+0530 (India Standard Time) URL: localhost:4005/placements/add/placement Error:fs is not defined User:undefined
error Time: Mon Apr 21 2025 19:42:09 GMT+0530 (India Standard Time) URL: localhost:4005/placements/add/placement Error:Cannot read properties of undefined (reading 'path') User:undefined
error Time: Tue Apr 22 2025 14:03:12 GMT+0530 (India Standard Time) URL: localhost:4005/reviews/add/review Error:file is not defined User:undefined
error Time: Tue Apr 22 2025 14:05:19 GMT+0530 (India Standard Time) URL: localhost:4005/reviews/add/review Error:fs is not defined User:undefined
error Time: Tue Apr 22 2025 14:05:51 GMT+0530 (India Standard Time) URL: localhost:4005/reviews/add/review Error:ENOENT: no such file or directory, unlink 'C:\Users\Syed Imran\Desktop\rca be\https:\res.cloudinary.com\dd1xmrnfg\image\upload\v1745310949\reviews\akivo8n5c60ih5suysd3.png' User:undefined
error Time: Tue Apr 22 2025 14:18:03 GMT+0530 (India Standard Time) URL: localhost:4005/reviews/add/review Error:res is not defined User:undefined
error Time: Tue Apr 22 2025 14:18:11 GMT+0530 (India Standard Time) URL: localhost:4005/reviews/add/review Error:res is not defined User:undefined
error Time: Tue Apr 22 2025 14:20:32 GMT+0530 (India Standard Time) URL: localhost:4005/reviews/add/review Error:res is not defined User:undefined
error Time: Tue Apr 22 2025 14:24:07 GMT+0530 (India Standard Time) URL: localhost:4005/reviews/add/review Error:res is not defined User:undefined
error Time: Tue Apr 22 2025 14:25:05 GMT+0530 (India Standard Time) URL: localhost:4005/reviews/add/review Error:res is not defined User:undefined
error Time: Tue Apr 22 2025 14:25:30 GMT+0530 (India Standard Time) URL: localhost:4005/reviews/add/review Error:res is not defined User:undefined
error Time: Tue Apr 22 2025 14:26:00 GMT+0530 (India Standard Time) URL: localhost:4005/reviews/add/review Error:res is not defined User:undefined
error Time: Tue Apr 22 2025 14:26:29 GMT+0530 (India Standard Time) URL: localhost:4005/reviews/add/review Error:res is not defined User:undefined
error Time: Tue Apr 22 2025 14:27:51 GMT+0530 (India Standard Time) URL: localhost:4005/reviews/add/review Error:Cannot read properties of undefined (reading 'path') User:undefined
error Time: Tue Apr 22 2025 14:29:19 GMT+0530 (India Standard Time) URL: localhost:4005/reviews/add/review Error:Cannot read properties of undefined (reading 'path') User:undefined
error Time: Tue Apr 22 2025 14:30:53 GMT+0530 (India Standard Time) URL: localhost:4005/reviews/add/review Error:Cannot read properties of undefined (reading 'url') User:undefined
error Time: Tue Apr 22 2025 14:33:15 GMT+0530 (India Standard Time) URL: localhost:4005/reviews/add/review Error:Cannot read properties of undefined (reading 'url') User:undefined
error Time: Tue Apr 22 2025 14:33:27 GMT+0530 (India Standard Time) URL: localhost:4005/reviews/add/review Error:Cannot read properties of undefined (reading 'url') User:undefined
error Time: Tue Apr 22 2025 14:34:11 GMT+0530 (India Standard Time) URL: localhost:4005/reviews/add/review Error:Cannot read properties of undefined (reading 'url') User:undefined
error Time: Wed Apr 23 2025 14:18:04 GMT+0530 (India Standard Time) URL: localhost:4005/reviews/add/review Error:Error check User:undefined
error Time: Wed Apr 23 2025 14:23:04 GMT+0530 (India Standard Time) URL: localhost:4005/reviews/add/review Error:Error check User:undefined
error Time: Wed Apr 23 2025 14:25:40 GMT+0530 (India Standard Time) URL: localhost:4005/reviews/add/review Error:Error check User:undefined
