http POST Time: Thu Apr 13 2023 18:01:09 GMT+0530 (India Standard Time) URL: localhost:4005 /auth/user/register User:undefined
http POST Time: Thu Apr 13 2023 18:05:02 GMT+0530 (India Standard Time) URL: localhost:4005 /auth/user/register User:undefined
http POST Time: Thu Apr 13 2023 18:05:41 GMT+0530 (India Standard Time) URL: localhost:4005 /auth/user/register User:undefined
http POST Time: Thu Apr 13 2023 18:50:58 GMT+0530 (India Standard Time) URL: localhost:4005 /auth/user/register User:undefined
http POST Time: Thu Apr 13 2023 18:59:32 GMT+0530 (India Standard Time) URL: localhost:4005 /auth/user/register User:undefined
http POST Time: Mon May 01 2023 15:03:58 GMT+0530 (India Standard Time) URL: localhost:4005 /user/add/walkin User:undefined
http POST Time: Mon May 01 2023 15:04:36 GMT+0530 (India Standard Time) URL: localhost:4005 /user/add/walkin User:undefined
http POST Time: Mon May 01 2023 15:05:04 GMT+0530 (India Standard Time) URL: localhost:4005 /user/add/walkin User:undefined
http POST Time: Mon May 01 2023 15:06:26 GMT+0530 (India Standard Time) URL: localhost:4005 /user/add/walkin User:undefined
http POST Time: Mon May 01 2023 15:06:53 GMT+0530 (India Standard Time) URL: localhost:4005 /user/add/walkin User:undefined
http POST Time: Mon May 01 2023 15:08:09 GMT+0530 (India Standard Time) URL: localhost:4005 /user/add/walkin User:undefined
http POST Time: Mon May 01 2023 15:08:45 GMT+0530 (India Standard Time) URL: localhost:4005 /user/add/walkin User:undefined
http POST Time: Mon May 01 2023 15:09:48 GMT+0530 (India Standard Time) URL: localhost:4005 /user/add/walkin User:undefined
http POST Time: Mon May 01 2023 15:10:36 GMT+0530 (India Standard Time) URL: localhost:4005 /user/add/walkin User:undefined
http POST Time: Mon May 01 2023 15:13:31 GMT+0530 (India Standard Time) URL: localhost:4005 /user/add/walkin User:undefined
http POST Time: Mon May 01 2023 18:22:13 GMT+0530 (India Standard Time) URL: localhost:4005 /user/add/walkin User:undefined
http POST Time: Mon May 01 2023 18:23:18 GMT+0530 (India Standard Time) URL: localhost:4005 /user/add/walkin User:undefined
http POST Time: Mon May 01 2023 18:23:55 GMT+0530 (India Standard Time) URL: localhost:4005 /user/add/walkin User:undefined
http POST Time: Mon May 01 2023 18:24:59 GMT+0530 (India Standard Time) URL: localhost:4005 /user/add/walkin User:undefined
http POST Time: Mon May 01 2023 18:25:41 GMT+0530 (India Standard Time) URL: localhost:4005 /user/add/walkin User:undefined
http POST Time: Mon May 01 2023 18:26:52 GMT+0530 (India Standard Time) URL: localhost:4005 /user/add/walkin User:undefined
http POST Time: Mon May 01 2023 18:27:44 GMT+0530 (India Standard Time) URL: localhost:4005 /user/add/walkin User:undefined
http POST Time: Mon May 01 2023 18:28:34 GMT+0530 (India Standard Time) URL: localhost:4005 /user/add/walkin User:undefined
http POST Time: Mon May 01 2023 18:28:38 GMT+0530 (India Standard Time) URL: localhost:4005 /user/add/walkin User:undefined
http POST Time: Mon May 01 2023 18:28:53 GMT+0530 (India Standard Time) URL: localhost:4005 /user/add/walkin User:undefined
http POST Time: Mon May 01 2023 18:29:19 GMT+0530 (India Standard Time) URL: localhost:4005 /user/add/walkin User:undefined
http POST Time: Mon May 01 2023 18:31:38 GMT+0530 (India Standard Time) URL: localhost:4005 /user/add/walkin User:undefined
http POST Time: Mon May 01 2023 18:32:26 GMT+0530 (India Standard Time) URL: localhost:4005 /user/add/walkin User:undefined
http POST Time: Mon May 01 2023 18:32:38 GMT+0530 (India Standard Time) URL: localhost:4005 /user/add/walkin User:undefined
http POST Time: Mon May 01 2023 18:34:15 GMT+0530 (India Standard Time) URL: localhost:4005 /user/add/walkin User:undefined
http POST Time: Mon May 01 2023 18:34:32 GMT+0530 (India Standard Time) URL: localhost:4005 /user/add/walkin User:undefined
http POST Time: Mon May 01 2023 18:37:51 GMT+0530 (India Standard Time) URL: localhost:4005 /user/add/walkin User:undefined
http POST Time: Mon May 01 2023 18:38:15 GMT+0530 (India Standard Time) URL: localhost:4005 /user/add/walkin User:undefined
http POST Time: Mon May 01 2023 18:40:32 GMT+0530 (India Standard Time) URL: localhost:4005 /user/add/walkin User:undefined
http POST Time: Mon May 01 2023 18:41:15 GMT+0530 (India Standard Time) URL: localhost:4005 /user/add/walkin User:undefined
http POST Time: Mon May 01 2023 18:41:42 GMT+0530 (India Standard Time) URL: localhost:4005 /user/add/walkin User:undefined
http POST Time: Mon May 01 2023 18:42:21 GMT+0530 (India Standard Time) URL: localhost:4005 /user/add/walkin User:undefined
http POST Time: Mon May 01 2023 18:42:52 GMT+0530 (India Standard Time) URL: localhost:4005 /user/add/walkin User:undefined
http POST Time: Tue May 02 2023 11:48:18 GMT+0530 (India Standard Time) URL: localhost:4005 /user/add/walkin User:undefined
http POST Time: Tue May 02 2023 11:48:51 GMT+0530 (India Standard Time) URL: localhost:4005 /user/add/walkin User:undefined
http POST Time: Tue May 02 2023 11:49:07 GMT+0530 (India Standard Time) URL: localhost:4005 /user/add/walkin User:undefined
http POST Time: Tue May 02 2023 11:49:54 GMT+0530 (India Standard Time) URL: localhost:4005 /user/add/walkin User:undefined
http POST Time: Tue May 02 2023 11:50:17 GMT+0530 (India Standard Time) URL: localhost:4005 /user/add/walkin User:undefined
http POST Time: Tue May 02 2023 11:52:48 GMT+0530 (India Standard Time) URL: localhost:4005 /user/add/walkin User:undefined
http POST Time: Tue May 02 2023 11:53:56 GMT+0530 (India Standard Time) URL: localhost:4005 /user/add/walkin User:undefined
http POST Time: Tue May 02 2023 11:55:54 GMT+0530 (India Standard Time) URL: localhost:4005 /user/add/walkin User:undefined
http POST Time: Tue May 02 2023 12:00:04 GMT+0530 (India Standard Time) URL: localhost:4005 /user/add/walkin User:undefined
http POST Time: Tue May 02 2023 12:01:13 GMT+0530 (India Standard Time) URL: localhost:4005 /user/add/walkin User:undefined
http POST Time: Tue May 02 2023 12:01:27 GMT+0530 (India Standard Time) URL: localhost:4005 /user/add/walkin User:undefined
http POST Time: Tue May 02 2023 13:02:05 GMT+0530 (India Standard Time) URL: localhost:4005 /user/add/walkin User:undefined
http POST Time: Tue May 02 2023 13:04:09 GMT+0530 (India Standard Time) URL: localhost:4005 /user/add/walkin User:undefined
http POST Time: Tue May 02 2023 13:06:32 GMT+0530 (India Standard Time) URL: localhost:4005 /user/add/walkin User:undefined
http POST Time: Tue May 02 2023 13:08:07 GMT+0530 (India Standard Time) URL: localhost:4005 /user/add/walkin User:undefined
http POST Time: Tue May 02 2023 13:19:53 GMT+0530 (India Standard Time) URL: localhost:4005 /user/add/walkin User:undefined
http POST Time: Tue May 02 2023 13:33:38 GMT+0530 (India Standard Time) URL: localhost:4005 /user/add/walkin User:undefined
http POST Time: Tue May 02 2023 13:34:22 GMT+0530 (India Standard Time) URL: localhost:4005 /user/add/walkin User:undefined
http POST Time: Tue May 02 2023 13:37:19 GMT+0530 (India Standard Time) URL: localhost:4005 /user/add/walkin User:undefined
http POST Time: Tue May 02 2023 14:52:00 GMT+0530 (India Standard Time) URL: localhost:4005 /user/add/walkin User:undefined
http POST Time: Tue May 02 2023 14:53:37 GMT+0530 (India Standard Time) URL: localhost:4005 /user/add/walkin User:undefined
http POST Time: Tue May 02 2023 14:58:02 GMT+0530 (India Standard Time) URL: localhost:4005 /user/add/walkin User:undefined
http POST Time: Tue May 02 2023 15:00:39 GMT+0530 (India Standard Time) URL: localhost:4005 /user/add/walkin User:undefined
http POST Time: Tue May 02 2023 15:11:52 GMT+0530 (India Standard Time) URL: localhost:4005 /user/add/walkin User:undefined
http POST Time: Tue May 02 2023 15:16:36 GMT+0530 (India Standard Time) URL: localhost:4005 /user/add/walkin User:undefined
http POST Time: Tue May 02 2023 15:24:10 GMT+0530 (India Standard Time) URL: localhost:4005 /user/add/walkin User:undefined
http POST Time: Tue May 02 2023 15:25:06 GMT+0530 (India Standard Time) URL: localhost:4005 /user/add/walkin User:undefined
http POST Time: Tue May 02 2023 15:26:47 GMT+0530 (India Standard Time) URL: localhost:4005 /user/add/walkin User:undefined
http POST Time: Tue May 02 2023 15:54:28 GMT+0530 (India Standard Time) URL: localhost:4005 /user/add/walkin User:undefined
http POST Time: Tue May 02 2023 15:56:58 GMT+0530 (India Standard Time) URL: localhost:4005 /user/add/walkin User:undefined
http POST Time: Tue May 02 2023 17:47:43 GMT+0530 (India Standard Time) URL: localhost:4005 /auth/user/register User:undefined
http POST Time: Tue May 02 2023 18:05:17 GMT+0530 (India Standard Time) URL: localhost:4005 /auth/user/register User:undefined
http POST Time: Tue May 02 2023 19:03:06 GMT+0530 (India Standard Time) URL: localhost:4005 /auth/user/register User:undefined
http POST Time: Wed May 03 2023 11:35:22 GMT+0530 (India Standard Time) URL: localhost:4005 /auth/user/register User:undefined
http POST Time: Wed May 03 2023 11:35:59 GMT+0530 (India Standard Time) URL: localhost:4005 /auth/user/register User:undefined
http POST Time: Wed May 03 2023 13:55:30 GMT+0530 (India Standard Time) URL: localhost:4005 /user/add/walkin User:undefined
http POST Time: Wed May 03 2023 13:56:23 GMT+0530 (India Standard Time) URL: localhost:4005 /user/add/walkin User:undefined
http POST Time: Wed May 03 2023 13:58:32 GMT+0530 (India Standard Time) URL: localhost:4005 /user/add/walkin User:undefined
http POST Time: Wed May 03 2023 14:07:20 GMT+0530 (India Standard Time) URL: localhost:4005 /user/add/walkin User:undefined
http POST Time: Wed May 03 2023 14:09:08 GMT+0530 (India Standard Time) URL: localhost:4005 /user/add/walkin User:undefined
http POST Time: Wed May 03 2023 14:09:34 GMT+0530 (India Standard Time) URL: localhost:4005 /user/add/walkin User:undefined
http POST Time: Wed May 03 2023 14:10:17 GMT+0530 (India Standard Time) URL: localhost:4005 /user/add/walkin User:undefined
http POST Time: Wed May 03 2023 14:11:46 GMT+0530 (India Standard Time) URL: localhost:4005 /user/add/walkin User:undefined
http POST Time: Wed May 03 2023 14:24:55 GMT+0530 (India Standard Time) URL: localhost:4005 /user/add/walkin User:undefined
http POST Time: Wed May 03 2023 14:25:21 GMT+0530 (India Standard Time) URL: localhost:4005 /user/add/walkin User:undefined
http POST Time: Wed May 03 2023 14:25:36 GMT+0530 (India Standard Time) URL: localhost:4005 /user/add/walkin User:undefined
http POST Time: Thu May 04 2023 11:34:21 GMT+0530 (India Standard Time) URL: localhost:4005 /user/add/allCandidates User:undefined
http POST Time: Thu May 04 2023 11:34:34 GMT+0530 (India Standard Time) URL: localhost:4005 /user/add/allCandidates User:undefined
http POST Time: Thu May 04 2023 11:38:15 GMT+0530 (India Standard Time) URL: localhost:4005 /user/add/allCandidates User:undefined
http POST Time: Thu May 04 2023 11:38:19 GMT+0530 (India Standard Time) URL: localhost:4005 /user/add/allCandidates User:undefined
http POST Time: Thu May 04 2023 11:38:41 GMT+0530 (India Standard Time) URL: localhost:4005 /user/add/allCandidates User:undefined
http POST Time: Thu May 04 2023 11:41:23 GMT+0530 (India Standard Time) URL: localhost:4005 /user/add/allCandidates User:undefined
http POST Time: Thu May 04 2023 11:43:07 GMT+0530 (India Standard Time) URL: localhost:4005 /user/add/allCandidates User:undefined
http POST Time: Thu May 04 2023 11:43:22 GMT+0530 (India Standard Time) URL: localhost:4005 /user/add/allCandidates User:undefined
http POST Time: Thu May 04 2023 11:44:23 GMT+0530 (India Standard Time) URL: localhost:4005 /user/add/allCandidates User:undefined
http POST Time: Thu May 04 2023 11:44:47 GMT+0530 (India Standard Time) URL: localhost:4005 /user/add/allCandidates User:undefined
http POST Time: Thu May 04 2023 11:45:21 GMT+0530 (India Standard Time) URL: localhost:4005 /user/add/allCandidates User:undefined
http POST Time: Thu May 04 2023 11:49:49 GMT+0530 (India Standard Time) URL: localhost:4005 /user/add/allCandidates User:undefined
http POST Time: Thu May 04 2023 11:50:18 GMT+0530 (India Standard Time) URL: localhost:4005 /user/add/allCandidates User:undefined
http POST Time: Thu May 04 2023 11:54:00 GMT+0530 (India Standard Time) URL: localhost:4005 /user/add/allCandidates User:undefined
http POST Time: Thu May 04 2023 11:54:46 GMT+0530 (India Standard Time) URL: localhost:4005 /user/add/allCandidates User:undefined
http POST Time: Thu May 04 2023 11:55:59 GMT+0530 (India Standard Time) URL: localhost:4005 /user/add/allCandidates User:undefined
http POST Time: Thu May 04 2023 12:00:19 GMT+0530 (India Standard Time) URL: localhost:4005 /user/add/allCandidates User:undefined
http POST Time: Thu May 04 2023 12:00:38 GMT+0530 (India Standard Time) URL: localhost:4005 /user/add/allCandidates User:undefined
http POST Time: Thu May 04 2023 12:01:47 GMT+0530 (India Standard Time) URL: localhost:4005 /user/add/allCandidates User:undefined
http POST Time: Thu May 04 2023 12:05:50 GMT+0530 (India Standard Time) URL: localhost:4005 /user/add/allCandidates User:undefined
http POST Time: Thu May 04 2023 12:06:42 GMT+0530 (India Standard Time) URL: localhost:4005 /user/add/allCandidates User:undefined
http POST Time: Thu May 04 2023 12:08:11 GMT+0530 (India Standard Time) URL: localhost:4005 /user/add/allCandidates User:undefined
http POST Time: Thu May 04 2023 12:08:23 GMT+0530 (India Standard Time) URL: localhost:4005 /user/add/allCandidates User:undefined
http POST Time: Thu May 04 2023 12:09:57 GMT+0530 (India Standard Time) URL: localhost:4005 /user/add/allCandidates User:undefined
http POST Time: Thu May 04 2023 12:11:21 GMT+0530 (India Standard Time) URL: localhost:4005 /user/add/allCandidates User:undefined
http POST Time: Thu May 04 2023 12:11:40 GMT+0530 (India Standard Time) URL: localhost:4005 /user/add/allCandidates User:undefined
http POST Time: Thu May 04 2023 12:14:43 GMT+0530 (India Standard Time) URL: localhost:4005 /user/add/allCandidates User:undefined
http POST Time: Thu May 04 2023 12:15:06 GMT+0530 (India Standard Time) URL: localhost:4005 /user/add/allCandidates User:undefined
http POST Time: Thu May 04 2023 12:16:26 GMT+0530 (India Standard Time) URL: localhost:4005 /user/add/allCandidates User:undefined
http POST Time: Thu May 04 2023 12:16:41 GMT+0530 (India Standard Time) URL: localhost:4005 /user/add/allCandidates User:undefined
http POST Time: Thu May 04 2023 12:16:59 GMT+0530 (India Standard Time) URL: localhost:4005 /user/add/allCandidates User:undefined
http POST Time: Thu May 04 2023 12:17:05 GMT+0530 (India Standard Time) URL: localhost:4005 /user/add/allCandidates User:undefined
http POST Time: Thu May 04 2023 12:18:48 GMT+0530 (India Standard Time) URL: localhost:4005 /user/add/allCandidates User:undefined
http POST Time: Thu May 04 2023 12:19:15 GMT+0530 (India Standard Time) URL: localhost:4005 /user/add/allCandidates User:undefined
http POST Time: Thu May 04 2023 12:19:50 GMT+0530 (India Standard Time) URL: localhost:4005 /user/add/allCandidates User:undefined
http POST Time: Thu May 04 2023 12:20:03 GMT+0530 (India Standard Time) URL: localhost:4005 /user/add/allCandidates User:undefined
http POST Time: Thu May 04 2023 12:20:26 GMT+0530 (India Standard Time) URL: localhost:4005 /user/add/allCandidates User:undefined
http POST Time: Thu May 04 2023 12:20:37 GMT+0530 (India Standard Time) URL: localhost:4005 /user/add/allCandidates User:undefined
http POST Time: Thu May 04 2023 12:38:16 GMT+0530 (India Standard Time) URL: localhost:4005 /user/add/allCandidates User:undefined
http POST Time: Thu May 04 2023 12:39:36 GMT+0530 (India Standard Time) URL: localhost:4005 /user/add/allCandidates User:undefined
http POST Time: Thu May 04 2023 12:39:55 GMT+0530 (India Standard Time) URL: localhost:4005 /user/add/allCandidates User:undefined
http POST Time: Thu May 04 2023 13:06:25 GMT+0530 (India Standard Time) URL: localhost:4005 /user/add/allCandidates User:undefined
http POST Time: Thu May 04 2023 13:07:28 GMT+0530 (India Standard Time) URL: localhost:4005 /user/add/allCandidates User:undefined
http POST Time: Thu May 04 2023 13:09:23 GMT+0530 (India Standard Time) URL: localhost:4005 /user/add/allCandidates User:undefined
http POST Time: Thu May 04 2023 13:10:15 GMT+0530 (India Standard Time) URL: localhost:4005 /user/add/allCandidates User:undefined
http POST Time: Thu May 04 2023 13:17:27 GMT+0530 (India Standard Time) URL: localhost:4005 /user/add/allCandidates User:undefined
http POST Time: Thu May 04 2023 13:17:56 GMT+0530 (India Standard Time) URL: localhost:4005 /user/add/allCandidates User:undefined
http POST Time: Thu May 04 2023 13:18:49 GMT+0530 (India Standard Time) URL: localhost:4005 /user/add/allCandidates User:undefined
http POST Time: Thu May 04 2023 13:23:16 GMT+0530 (India Standard Time) URL: localhost:4005 /user/add/allCandidates User:undefined
http POST Time: Thu May 04 2023 13:24:29 GMT+0530 (India Standard Time) URL: localhost:4005 /user/add/allCandidates User:undefined
http POST Time: Thu May 04 2023 13:33:45 GMT+0530 (India Standard Time) URL: localhost:4005 /user/add/allCandidates User:undefined
http POST Time: Thu May 04 2023 13:33:57 GMT+0530 (India Standard Time) URL: localhost:4005 /user/add/allCandidates User:undefined
http POST Time: Thu May 04 2023 13:34:42 GMT+0530 (India Standard Time) URL: localhost:4005 /user/add/allCandidates User:undefined
http POST Time: Thu May 04 2023 13:34:49 GMT+0530 (India Standard Time) URL: localhost:4005 /user/add/allCandidates User:undefined
http POST Time: Thu May 04 2023 13:35:25 GMT+0530 (India Standard Time) URL: localhost:4005 /user/add/allCandidates User:undefined
http POST Time: Thu May 04 2023 13:46:50 GMT+0530 (India Standard Time) URL: localhost:4005 /user/add/allCandidates User:undefined
http POST Time: Thu May 04 2023 13:46:57 GMT+0530 (India Standard Time) URL: localhost:4005 /user/add/allCandidates User:undefined
http POST Time: Thu May 04 2023 13:49:44 GMT+0530 (India Standard Time) URL: localhost:4005 /user/add/allCandidates User:undefined
http POST Time: Thu May 04 2023 13:49:52 GMT+0530 (India Standard Time) URL: localhost:4005 /user/add/allCandidates User:undefined
http POST Time: Thu May 04 2023 13:50:18 GMT+0530 (India Standard Time) URL: localhost:4005 /user/add/allCandidates User:undefined
http POST Time: Thu May 04 2023 13:50:36 GMT+0530 (India Standard Time) URL: localhost:4005 /user/add/allCandidates User:undefined
http POST Time: Thu May 04 2023 13:50:38 GMT+0530 (India Standard Time) URL: localhost:4005 /user/add/allCandidates User:undefined
http POST Time: Thu May 04 2023 13:50:51 GMT+0530 (India Standard Time) URL: localhost:4005 /user/add/allCandidates User:undefined
http POST Time: Thu May 04 2023 14:10:05 GMT+0530 (India Standard Time) URL: localhost:4005 /user/add/allCandidates User:undefined
http POST Time: Thu May 04 2023 14:10:09 GMT+0530 (India Standard Time) URL: localhost:4005 /user/add/allCandidates User:undefined
http POST Time: Thu May 04 2023 14:10:52 GMT+0530 (India Standard Time) URL: localhost:4005 /user/add/allCandidates User:undefined
http POST Time: Thu May 04 2023 14:11:06 GMT+0530 (India Standard Time) URL: localhost:4005 /user/add/allCandidates User:undefined
http POST Time: Thu May 04 2023 14:11:23 GMT+0530 (India Standard Time) URL: localhost:4005 /user/add/allCandidates User:undefined
http POST Time: Thu May 04 2023 14:12:23 GMT+0530 (India Standard Time) URL: localhost:4005 /user/add/walkin User:undefined
http POST Time: Thu May 04 2023 14:58:55 GMT+0530 (India Standard Time) URL: localhost:4005 /user/add/walkin User:undefined
http POST Time: Thu May 04 2023 14:58:58 GMT+0530 (India Standard Time) URL: localhost:4005 /user/add/allCandidates User:undefined
http POST Time: Mon May 29 2023 12:31:19 GMT+0530 (India Standard Time) URL: localhost:4005 /user/add/walkin User:undefined
http POST Time: Mon May 29 2023 12:33:09 GMT+0530 (India Standard Time) URL: localhost:4005 /user/add/walkin User:undefined
http POST Time: Mon May 29 2023 12:36:09 GMT+0530 (India Standard Time) URL: localhost:4005 /user//add/allCandidates User:undefined
http POST Time: Mon May 29 2023 12:36:17 GMT+0530 (India Standard Time) URL: localhost:4005 /user//add/allCandidates User:undefined
http POST Time: Mon May 29 2023 12:36:26 GMT+0530 (India Standard Time) URL: localhost:4005 /user/add/allCandidates User:undefined
http POST Time: Mon May 29 2023 12:37:23 GMT+0530 (India Standard Time) URL: localhost:4005 /user/add/allCandidates User:undefined
http POST Time: Mon May 29 2023 12:37:29 GMT+0530 (India Standard Time) URL: localhost:4005 /user/add/allCandidates User:undefined
http POST Time: Mon May 29 2023 12:37:35 GMT+0530 (India Standard Time) URL: localhost:4005 /user/add/allCandidates User:undefined
http POST Time: Mon May 29 2023 12:37:36 GMT+0530 (India Standard Time) URL: localhost:4005 /user/add/allCandidates User:undefined
http POST Time: Mon May 29 2023 12:37:45 GMT+0530 (India Standard Time) URL: localhost:4005 /user/add/allCandidates User:undefined
http POST Time: Mon May 29 2023 12:39:21 GMT+0530 (India Standard Time) URL: localhost:4005 /user/add/allCandidates User:undefined
http POST Time: Mon May 29 2023 12:39:30 GMT+0530 (India Standard Time) URL: localhost:4005 /user/add/allCandidates User:undefined
http POST Time: Mon May 29 2023 12:40:45 GMT+0530 (India Standard Time) URL: localhost:4005 /user/add/allCandidates User:undefined
http POST Time: Mon May 29 2023 12:40:51 GMT+0530 (India Standard Time) URL: localhost:4005 /user/add/allCandidates User:undefined
http POST Time: Mon May 29 2023 12:52:29 GMT+0530 (India Standard Time) URL: localhost:4005 /user/add/allCandidates User:undefined
http POST Time: Mon May 29 2023 12:52:42 GMT+0530 (India Standard Time) URL: localhost:4005 /user/add/allCandidates User:undefined
http POST Time: Mon May 29 2023 12:52:45 GMT+0530 (India Standard Time) URL: localhost:4005 /user/add/allCandidates User:undefined
http POST Time: Thu Jun 01 2023 10:12:25 GMT+0530 (India Standard Time) URL: localhost:4005 /auth/user/register User:undefined
http POST Time: Thu Jun 01 2023 10:13:01 GMT+0530 (India Standard Time) URL: localhost:4005 /auth/user/register User:undefined
http POST Time: Thu Jun 01 2023 10:58:47 GMT+0530 (India Standard Time) URL: localhost:4005 /user/add/onboard User:undefined
http POST Time: Mon Jun 05 2023 17:57:22 GMT+0530 (India Standard Time) URL: localhost:4005 /auth/user/register User:undefined
http POST Time: Thu Jun 15 2023 12:02:43 GMT+0530 (India Standard Time) URL: localhost:4005 /user/add/walkin User:undefined
http POST Time: Thu Jun 15 2023 12:04:44 GMT+0530 (India Standard Time) URL: localhost:4005 /user/add/walkin User:undefined
http POST Time: Thu Jun 15 2023 12:08:20 GMT+0530 (India Standard Time) URL: localhost:4005 /user/add/walkin User:undefined
http POST Time: Thu Jun 15 2023 12:10:16 GMT+0530 (India Standard Time) URL: localhost:4005 /user/add/walkin User:undefined
http POST Time: Thu Jun 15 2023 12:13:33 GMT+0530 (India Standard Time) URL: localhost:4005 /user/add/walkin User:undefined
http POST Time: Thu Jun 15 2023 12:15:52 GMT+0530 (India Standard Time) URL: localhost:4005 /user/add/walkin User:undefined
http POST Time: Thu Jun 15 2023 12:19:38 GMT+0530 (India Standard Time) URL: localhost:4005 /user/add/walkin User:undefined
http POST Time: Thu Jun 15 2023 12:21:38 GMT+0530 (India Standard Time) URL: localhost:4005 /user/add/walkin User:undefined
http POST Time: Thu Jun 15 2023 12:23:03 GMT+0530 (India Standard Time) URL: localhost:4005 /user/add/walkin User:undefined
http POST Time: Thu Jun 15 2023 12:24:21 GMT+0530 (India Standard Time) URL: localhost:4005 /user/add/walkin User:undefined
http POST Time: Thu Jun 15 2023 12:25:40 GMT+0530 (India Standard Time) URL: localhost:4005 /user/add/walkin User:undefined
http POST Time: Thu Jun 15 2023 12:33:15 GMT+0530 (India Standard Time) URL: localhost:4005 /user/add/walkin User:undefined
http POST Time: Thu Jun 15 2023 12:35:47 GMT+0530 (India Standard Time) URL: localhost:4005 /user/add/walkin User:undefined
http POST Time: Thu Jun 15 2023 12:40:00 GMT+0530 (India Standard Time) URL: localhost:4005 /user/add/walkin User:undefined
http POST Time: Thu Jun 15 2023 12:40:19 GMT+0530 (India Standard Time) URL: localhost:4005 /user/add/walkin User:undefined
http POST Time: Thu Jun 15 2023 12:46:34 GMT+0530 (India Standard Time) URL: localhost:4005 /auth/user/register User:undefined
http POST Time: Wed Jun 21 2023 15:09:18 GMT+0530 (India Standard Time) URL: localhost:4005 /user/checkonboarded User:undefined
http POST Time: Wed Jun 21 2023 15:09:43 GMT+0530 (India Standard Time) URL: localhost:4005 /user/checkonboarded User:undefined
http POST Time: Wed Jun 21 2023 15:09:58 GMT+0530 (India Standard Time) URL: localhost:4005 /user/checkonboard User:undefined
http POST Time: Wed Jun 21 2023 15:11:27 GMT+0530 (India Standard Time) URL: localhost:4005 /user/checkonboard User:undefined
http POST Time: Wed Jun 21 2023 15:12:55 GMT+0530 (India Standard Time) URL: localhost:4005 /user/checkonboard User:undefined
http POST Time: Wed Jun 21 2023 15:13:13 GMT+0530 (India Standard Time) URL: localhost:4005 /user/checkonboard User:undefined
http POST Time: Wed Jun 21 2023 15:13:59 GMT+0530 (India Standard Time) URL: localhost:4005 /user/checkonboard User:undefined
http POST Time: Wed Jun 21 2023 17:42:20 GMT+0530 (India Standard Time) URL: localhost:4005 /auth/authentication User:undefined
http POST Time: Wed Jun 21 2023 17:43:45 GMT+0530 (India Standard Time) URL: localhost:4005 /auth/userVerification User:undefined
http POST Time: Wed Jun 21 2023 18:41:37 GMT+0530 (India Standard Time) URL: localhost:4005 /auth/user/register User:undefined
http POST Time: Wed Jun 21 2023 18:45:39 GMT+0530 (India Standard Time) URL: localhost:4005 /auth/authentication User:undefined
http POST Time: Wed Jun 21 2023 18:45:55 GMT+0530 (India Standard Time) URL: localhost:4005 /auth/userVerification User:undefined
http GET Time: Wed Jun 21 2023 18:45:55 GMT+0530 (India Standard Time) URL: localhost:4005 /admin/get/all/user User:{"email":"syedimranhgmrd@gmail.com","role":"admin","iat":1687353355}
http GET Time: Wed Jun 21 2023 18:46:04 GMT+0530 (India Standard Time) URL: localhost:4005 /user/get/all/candidate User:{"email":"syedimranhgmrd@gmail.com","role":"admin","iat":1687353355}
http POST Time: Wed Jun 21 2023 18:53:39 GMT+0530 (India Standard Time) URL: localhost:4005 /auth/authentication User:undefined
http POST Time: Wed Jun 21 2023 18:54:07 GMT+0530 (India Standard Time) URL: localhost:4005 /auth/userVerification User:undefined
http GET Time: Wed Jun 21 2023 18:54:07 GMT+0530 (India Standard Time) URL: localhost:4005 /admin/get/all/user User:{"email":"syedimranhgmrd@gmail.com","role":"admin","iat":1687353847}
http POST Time: Thu Jun 22 2023 11:47:03 GMT+0530 (India Standard Time) URL: localhost:4005 /user/checkonboard User:undefined
http POST Time: Thu Jun 22 2023 16:33:21 GMT+0530 (India Standard Time) URL: localhost:4005 /user/add/onboard User:undefined
http POST Time: Thu Jun 22 2023 16:34:42 GMT+0530 (India Standard Time) URL: localhost:4005 /user/add/onboard User:undefined
http POST Time: Thu Jun 22 2023 16:35:19 GMT+0530 (India Standard Time) URL: localhost:4005 /user/add/onboard User:undefined
http POST Time: Thu Jun 22 2023 16:35:50 GMT+0530 (India Standard Time) URL: localhost:4005 /user/add/onboard User:undefined
http POST Time: Thu Jun 22 2023 16:39:19 GMT+0530 (India Standard Time) URL: localhost:4005 /user/add/candidate User:undefined
http POST Time: Thu Jun 22 2023 16:39:57 GMT+0530 (India Standard Time) URL: localhost:4005 /user/add/candidate User:undefined
http POST Time: Thu Jun 22 2023 16:41:06 GMT+0530 (India Standard Time) URL: localhost:4005 /user/add/candidate User:undefined
http POST Time: Thu Jun 22 2023 16:42:04 GMT+0530 (India Standard Time) URL: localhost:4005 /user/add/onboard User:undefined
http POST Time: Thu Jun 22 2023 16:42:36 GMT+0530 (India Standard Time) URL: localhost:4005 /user/add/onboard User:undefined
http POST Time: Thu Jun 22 2023 16:42:39 GMT+0530 (India Standard Time) URL: localhost:4005 /user/add/onboard User:undefined
http POST Time: Thu Jun 22 2023 16:42:48 GMT+0530 (India Standard Time) URL: localhost:4005 /user/add/onboard User:undefined
http POST Time: Thu Jun 22 2023 16:43:49 GMT+0530 (India Standard Time) URL: localhost:4005 /user/add/candidate User:undefined
http POST Time: Thu Jun 22 2023 16:46:45 GMT+0530 (India Standard Time) URL: localhost:4005 /user/add/onboard User:undefined
http POST Time: Thu Jun 22 2023 16:47:23 GMT+0530 (India Standard Time) URL: localhost:4005 /user/add/onboard User:undefined
http POST Time: Thu Jun 22 2023 16:47:56 GMT+0530 (India Standard Time) URL: localhost:4005 /user/add/onboard User:undefined
http POST Time: Thu Jun 22 2023 16:49:05 GMT+0530 (India Standard Time) URL: localhost:4005 /user/add/onboard User:undefined
http POST Time: Thu Jun 22 2023 16:50:04 GMT+0530 (India Standard Time) URL: localhost:4005 /user/add/onboard User:undefined
http POST Time: Thu Jun 22 2023 16:50:18 GMT+0530 (India Standard Time) URL: localhost:4005 /user/add/onboard User:undefined
http POST Time: Thu Jun 22 2023 16:51:49 GMT+0530 (India Standard Time) URL: localhost:4005 /user/add/onboard User:undefined
http POST Time: Thu Jun 22 2023 16:53:28 GMT+0530 (India Standard Time) URL: localhost:4005 /user/add/onboard User:undefined
http POST Time: Thu Jun 22 2023 16:54:40 GMT+0530 (India Standard Time) URL: localhost:4005 /user/add/onboard User:undefined
http POST Time: Thu Jun 22 2023 16:55:15 GMT+0530 (India Standard Time) URL: localhost:4005 /user/add/onboard User:undefined
http POST Time: Thu Jun 22 2023 16:55:22 GMT+0530 (India Standard Time) URL: localhost:4005 /user/add/onboard User:undefined
http GET Time: Tue Jun 27 2023 11:25:01 GMT+0530 (India Standard Time) URL: localhost:4005 /user/get/all/candidate User:undefined
http GET Time: Tue Jun 27 2023 11:27:55 GMT+0530 (India Standard Time) URL: localhost:4005 /user/get/all/candidate User:undefined
http GET Time: Tue Jun 27 2023 11:28:34 GMT+0530 (India Standard Time) URL: localhost:4005 /user/get/all/candidate User:undefined
http GET Time: Tue Jun 27 2023 11:34:29 GMT+0530 (India Standard Time) URL: localhost:4005 /user/get/all/candidate User:undefined
http GET Time: Tue Jun 27 2023 11:35:02 GMT+0530 (India Standard Time) URL: localhost:4005 /user/get/all/candidate User:undefined
http GET Time: Tue Jun 27 2023 13:24:41 GMT+0530 (India Standard Time) URL: localhost:4005 /user/get/all/candidate User:undefined
http GET Time: Tue Jun 27 2023 13:25:30 GMT+0530 (India Standard Time) URL: localhost:4005 /user/search/company User:undefined
http GET Time: Wed Jun 28 2023 11:24:03 GMT+0530 (India Standard Time) URL: localhost:4005 /user/get/all/candidate User:undefined
http POST Time: Tue Jul 04 2023 17:10:29 GMT+0530 (India Standard Time) URL: localhost:4005 /user/add/checkOnBoard User:undefined
http POST Time: Tue Jul 04 2023 17:10:53 GMT+0530 (India Standard Time) URL: localhost:4005 /user/add/checkonboard User:undefined
http POST Time: Tue Jul 04 2023 17:12:00 GMT+0530 (India Standard Time) URL: localhost:4005 /user/add/checkonboard User:undefined
http POST Time: Tue Jul 04 2023 17:12:30 GMT+0530 (India Standard Time) URL: localhost:4005 /user/checkonboard User:undefined
http POST Time: Tue Jul 04 2023 17:12:42 GMT+0530 (India Standard Time) URL: localhost:4005 /user/checkonboard User:undefined
http POST Time: Tue Jul 04 2023 17:13:04 GMT+0530 (India Standard Time) URL: localhost:4005 /user/checkonboard User:undefined
http POST Time: Tue Jul 04 2023 17:13:15 GMT+0530 (India Standard Time) URL: localhost:4005 /user/checkonboard User:undefined
http POST Time: Tue Jul 04 2023 17:13:22 GMT+0530 (India Standard Time) URL: localhost:4005 /user/checkonboard User:undefined
http GET Time: Wed Jul 05 2023 17:09:54 GMT+0530 (India Standard Time) URL: localhost:4005 /admin/get/all/drive User:undefined
http POST Time: Wed Jul 05 2023 17:13:40 GMT+0530 (India Standard Time) URL: localhost:4005 /lead/uploadleads User:undefined
http POST Time: Thu Mar 20 2025 20:20:04 GMT+0530 (India Standard Time) URL: localhost:4005 /enquiries/create/enquirie User:undefined
http POST Time: Thu Mar 20 2025 20:20:19 GMT+0530 (India Standard Time) URL: localhost:4005 /enquiries/create/enquiry User:undefined
http POST Time: Thu Mar 20 2025 20:20:59 GMT+0530 (India Standard Time) URL: localhost:4005 /enquiries/create/enquiry User:undefined
http POST Time: Thu Mar 20 2025 20:22:08 GMT+0530 (India Standard Time) URL: localhost:4005 /enquiries/create/enquiry User:undefined
http POST Time: Thu Mar 20 2025 20:22:56 GMT+0530 (India Standard Time) URL: localhost:4005 /enquiries/create/enquiry User:undefined
http POST Time: Thu Mar 20 2025 20:27:02 GMT+0530 (India Standard Time) URL: localhost:4005 /enquiries/create/enquiry User:undefined
http POST Time: Thu Mar 20 2025 20:27:35 GMT+0530 (India Standard Time) URL: localhost:4005 /enquiries/create/enquiry User:undefined
http POST Time: Thu Mar 20 2025 20:29:47 GMT+0530 (India Standard Time) URL: localhost:4005 /enquiries/create/enquiry User:undefined
http POST Time: Thu Mar 20 2025 20:30:38 GMT+0530 (India Standard Time) URL: localhost:4005 /enquiries/create/enquiry User:undefined
http POST Time: Thu Mar 20 2025 20:32:44 GMT+0530 (India Standard Time) URL: localhost:4005 /enquiries/create/enquiry User:undefined
http POST Time: Fri Mar 21 2025 19:17:26 GMT+0530 (India Standard Time) URL: localhost:4005 /enquiries/create/enquiry User:undefined
http POST Time: Fri Mar 21 2025 19:18:17 GMT+0530 (India Standard Time) URL: localhost:4005 /enquiries/create/enquiry User:undefined
http POST Time: Fri Mar 21 2025 19:22:35 GMT+0530 (India Standard Time) URL: localhost:4005 /enquiries/create/enquiry User:undefined
http POST Time: Fri Mar 21 2025 19:27:05 GMT+0530 (India Standard Time) URL: localhost:4005 /enquiries/create/enquiry User:undefined
http POST Time: Fri Mar 21 2025 19:39:53 GMT+0530 (India Standard Time) URL: localhost:4005 /enquiries/create/enquiry User:undefined
http POST Time: Fri Mar 21 2025 19:45:20 GMT+0530 (India Standard Time) URL: localhost:4005 /enquiries/create/enquiry User:undefined
http POST Time: Fri Mar 21 2025 19:50:52 GMT+0530 (India Standard Time) URL: localhost:4005 /enquiries/create/enquiry User:undefined
http POST Time: Fri Mar 21 2025 19:51:21 GMT+0530 (India Standard Time) URL: localhost:4005 /enquiries/create/enquiry User:undefined
http POST Time: Fri Mar 21 2025 20:14:24 GMT+0530 (India Standard Time) URL: localhost:4005 /enquiries/create/enquiry User:undefined
http POST Time: Sat Mar 22 2025 10:59:30 GMT+0530 (India Standard Time) URL: localhost:4005 /enquiries/create/enquiry User:undefined
http POST Time: Sat Mar 22 2025 18:56:09 GMT+0530 (India Standard Time) URL: localhost:4005 /enquiries/create/enquiry User:undefined
http POST Time: Sat Mar 22 2025 18:57:00 GMT+0530 (India Standard Time) URL: localhost:4005 /enquiries/create/enquiry User:undefined
http POST Time: Sat Mar 22 2025 18:57:28 GMT+0530 (India Standard Time) URL: localhost:4005 /enquiries/create/enquiry User:undefined
http POST Time: Sat Mar 22 2025 19:01:50 GMT+0530 (India Standard Time) URL: localhost:4005 /enquiries/create/enquiry User:undefined
http POST Time: Sat Mar 22 2025 19:02:24 GMT+0530 (India Standard Time) URL: localhost:4005 /enquiries/create/enquiry User:undefined
http POST Time: Sat Mar 22 2025 19:05:20 GMT+0530 (India Standard Time) URL: localhost:4005 /enquiries/create/enquiry User:undefined
http POST Time: Sat Mar 22 2025 19:06:20 GMT+0530 (India Standard Time) URL: localhost:4005 /enquiries/create/enquiry User:undefined
http POST Time: Sat Mar 22 2025 19:07:38 GMT+0530 (India Standard Time) URL: localhost:4005 /enquiries/create/enquiry User:undefined
http POST Time: Sat Mar 22 2025 19:09:10 GMT+0530 (India Standard Time) URL: localhost:4005 /enquiries/create/enquiry User:undefined
http POST Time: Sat Mar 22 2025 19:09:35 GMT+0530 (India Standard Time) URL: localhost:4005 /enquiries/create/enquiry User:undefined
http POST Time: Sat Mar 22 2025 19:10:55 GMT+0530 (India Standard Time) URL: localhost:4005 /enquiries/create/enquiry User:undefined
http POST Time: Sat Mar 22 2025 19:15:04 GMT+0530 (India Standard Time) URL: localhost:4005 /enquiries/create/enquiry User:undefined
http POST Time: Sat Mar 22 2025 19:16:06 GMT+0530 (India Standard Time) URL: localhost:4005 /enquiries/create/enquiry User:undefined
http POST Time: Tue Mar 25 2025 19:30:46 GMT+0530 (India Standard Time) URL: localhost:4005 /enquiries/create/enquiry User:undefined
http POST Time: Tue Mar 25 2025 19:34:28 GMT+0530 (India Standard Time) URL: localhost:4005 /enquiries/create/enquiry User:undefined
